[debug] [2023-11-27T15:07:28.129Z] ----------------------------------------------------------------------
[debug] [2023-11-27T15:07:28.134Z] Command:       C:\Program Files\nodejs\node.exe C:\Users\UzI\AppData\Roaming\npm\node_modules\firebase-tools\lib\bin\firebase.js init
[debug] [2023-11-27T15:07:28.136Z] CLI Version:   11.27.0
[debug] [2023-11-27T15:07:28.136Z] Platform:      win32
[debug] [2023-11-27T15:07:28.136Z] Node Version:  v18.15.0
[debug] [2023-11-27T15:07:28.139Z] Time:          Mon Nov 27 2023 20:07:28 GMT+0500 (Pakistan Standard Time)
[debug] [2023-11-27T15:07:28.139Z] ----------------------------------------------------------------------
[debug] 
[debug] [2023-11-27T15:07:28.268Z] > command requires scopes: ["email","openid","https://www.googleapis.com/auth/cloudplatformprojects.readonly","https://www.googleapis.com/auth/firebase","https://www.googleapis.com/auth/cloud-platform"]
[debug] [2023-11-27T15:07:28.269Z] > authorizing via signed-in user (aa0527704873@gmail.com)
[info] 
     ######## #### ########  ######## ########     ###     ######  ########
     ##        ##  ##     ## ##       ##     ##  ##   ##  ##       ##
     ######    ##  ########  ######   ########  #########  ######  ######
     ##        ##  ##    ##  ##       ##     ## ##     ##       ## ##
     ##       #### ##     ## ######## ########  ##     ##  ######  ########

You're about to initialize a Firebase project in this directory:

  E:\react-firebase

Before we get started, keep in mind:

  * You are initializing within an existing Firebase project directory

[info] 
=== Project Setup
[info] 
[info] First, let's associate this project directory with a Firebase project.
[info] You can create multiple project aliases by running firebase use --add, 
[info] but for now we'll just set up a default project.
[info] 
[debug] [2023-11-27T15:07:36.704Z] Using project from CLI flag: build
[debug] [2023-11-27T15:07:36.707Z] >>> [apiv2][query] GET https://firebase.googleapis.com/v1beta1/projects/build [none]
[debug] [2023-11-27T15:07:37.571Z] <<< [apiv2][status] GET https://firebase.googleapis.com/v1beta1/projects/build 403
[debug] [2023-11-27T15:07:37.571Z] <<< [apiv2][body] GET https://firebase.googleapis.com/v1beta1/projects/build {"error":{"code":403,"message":"The caller does not have permission","status":"PERMISSION_DENIED"}}
[debug] [2023-11-27T15:07:37.573Z] HTTP Error: 403, The caller does not have permission
[debug] [2023-11-27T15:07:39.082Z] FirebaseError: HTTP Error: 403, The caller does not have permission
    at responseToError (C:\Users\UzI\AppData\Roaming\npm\node_modules\firebase-tools\lib\responseToError.js:49:12)
    at RetryOperation._fn (C:\Users\UzI\AppData\Roaming\npm\node_modules\firebase-tools\lib\apiv2.js:288:77)
    at process.processTicksAndRejections (node:internal/process/task_queues:95:5)
[error] 
[error] Error: Failed to get Firebase project build. Please make sure the project exists and your account has permission to access it.
[debug] [2023-11-27T15:39:12.774Z] ----------------------------------------------------------------------
[debug] [2023-11-27T15:39:12.778Z] Command:       C:\Program Files\nodejs\node.exe C:\Users\UzI\AppData\Roaming\npm\node_modules\firebase-tools\lib\bin\firebase.js init
[debug] [2023-11-27T15:39:12.779Z] CLI Version:   11.27.0
[debug] [2023-11-27T15:39:12.779Z] Platform:      win32
[debug] [2023-11-27T15:39:12.780Z] Node Version:  v18.15.0
[debug] [2023-11-27T15:39:12.781Z] Time:          Mon Nov 27 2023 20:39:12 GMT+0500 (Pakistan Standard Time)
[debug] [2023-11-27T15:39:12.782Z] ----------------------------------------------------------------------
[debug] 
[debug] [2023-11-27T15:39:12.922Z] > command requires scopes: ["email","openid","https://www.googleapis.com/auth/cloudplatformprojects.readonly","https://www.googleapis.com/auth/firebase","https://www.googleapis.com/auth/cloud-platform"]
[debug] [2023-11-27T15:39:12.922Z] > authorizing via signed-in user (aa0527704873@gmail.com)
[info] 
     ######## #### ########  ######## ########     ###     ######  ########
     ##        ##  ##     ## ##       ##     ##  ##   ##  ##       ##
     ######    ##  ########  ######   ########  #########  ######  ######
     ##        ##  ##    ##  ##       ##     ## ##     ##       ## ##
     ##       #### ##     ## ######## ########  ##     ##  ######  ########

You're about to initialize a Firebase project in this directory:

  E:\react-firebase

Before we get started, keep in mind:

  * You are initializing within an existing Firebase project directory

[info] 
=== Project Setup
[info] 
[info] First, let's associate this project directory with a Firebase project.
[info] You can create multiple project aliases by running firebase use --add, 
[info] but for now we'll just set up a default project.
[info] 
[debug] [2023-11-27T15:39:21.600Z] Using project from CLI flag: build
[debug] [2023-11-27T15:39:21.604Z] >>> [apiv2][query] GET https://firebase.googleapis.com/v1beta1/projects/build [none]
[debug] [2023-11-27T15:39:22.225Z] <<< [apiv2][status] GET https://firebase.googleapis.com/v1beta1/projects/build 403
[debug] [2023-11-27T15:39:22.226Z] <<< [apiv2][body] GET https://firebase.googleapis.com/v1beta1/projects/build {"error":{"code":403,"message":"The caller does not have permission","status":"PERMISSION_DENIED"}}
[debug] [2023-11-27T15:39:22.228Z] HTTP Error: 403, The caller does not have permission
[debug] [2023-11-27T15:39:22.717Z] FirebaseError: HTTP Error: 403, The caller does not have permission
    at responseToError (C:\Users\UzI\AppData\Roaming\npm\node_modules\firebase-tools\lib\responseToError.js:49:12)
    at RetryOperation._fn (C:\Users\UzI\AppData\Roaming\npm\node_modules\firebase-tools\lib\apiv2.js:288:77)
    at process.processTicksAndRejections (node:internal/process/task_queues:95:5)
[error] 
[error] Error: Failed to get Firebase project build. Please make sure the project exists and your account has permission to access it.
